2020-09-10 16:57:16,533 - BrowserEngine - INFO - You had select Chrome browser.
2020-09-10 16:57:16,533 - BrowserEngine - INFO - The test server url is: http://luban.jd.hupun.com/static/views/login.html
2020-09-10 16:57:18,583 - BrowserEngine - INFO - Starting Chrome browser.
2020-09-10 16:57:23,888 - BrowserEngine - INFO - Open url: http://luban.jd.hupun.com/static/views/login.html
2020-09-10 16:57:27,066 - BrowserEngine - INFO - Maximize the current window.
2020-09-10 16:57:27,067 - BrowserEngine - INFO - Set implicitly wait 10 seconds.
2020-09-10 16:57:28,126 - BasePage - INFO - Sleep for 1 seconds.
2020-09-10 16:57:28,151 - BasePage - INFO - Had find the element '  ' successful by xpath via value: //*[@id='pane-account']/div/form/div[1]/div/div/div/div/input 
2020-09-10 16:57:28,361 - BasePage - INFO - Had type ' bessie '  in input box.
2020-09-10 16:57:28,381 - BasePage - INFO - Had find the element '  ' successful by xpath via value: //*[@id='pane-account']/div/form/div[2]/div/div/div/div/input 
2020-09-10 16:57:28,495 - BasePage - INFO - Had type ' Zhang12345! '  in input box.
2020-09-10 16:57:28,514 - BasePage - INFO - Had find the element ' 登录 ' successful by xpath via value: //*[@id='pane-account']/div/form/div[4]/div/button 
2020-09-10 16:57:30,571 - BasePage - INFO - Sleep for 2 seconds.
2020-09-10 16:57:33,138 - BasePage - INFO - Had take screenshot and save to folder : /screenshots
2020-09-10 16:57:33,159 - BasePage - INFO - Had find the element ' 线索管理 ' successful by xpath via value: //*[@id='menuBar']/li[2] 
2020-09-10 16:57:35,191 - BasePage - INFO - Sleep for 2 seconds.
2020-09-10 16:57:35,216 - BasePage - INFO - Had find the element ' 线索列表 ' successful by xpath via value: //*[@id='menuBar']/li[2]/ul/li[2] 
2020-09-10 16:57:37,262 - BasePage - INFO - Sleep for 2 seconds.
2020-09-10 16:57:37,275 - BasePage - INFO - Had switch to the iframe.
2020-09-10 16:57:39,278 - BasePage - INFO - Sleep for 2 seconds.
2020-09-10 16:57:39,305 - BasePage - INFO - Had find the element '  ' successful by xpath via value: //*[@id='app']/div/div[1]/div/div[1]/div[1]/div[1]/div/input 
2020-09-10 16:57:39,717 - BasePage - INFO - Had type ' XS2020090738092877 '  in input box.
2020-09-10 16:57:40,721 - BasePage - INFO - Sleep for 1 seconds.
2020-09-10 16:57:40,747 - BasePage - INFO - Had find the element ' 查询 ' successful by xpath via value: //*[@id='app']/div/div[1]/div/div[2]/button[1] 
2020-09-10 16:57:41,846 - BasePage - INFO - Sleep for 1 seconds.
2020-09-10 16:57:41,871 - BasePage - INFO - Had find the element ' XS2020090738092877 ' successful by xpath via value: //*[@id='app']/div/div[2]/div[2]/div[3]/table/tbody/tr[1]/td[3]/div/div 
2020-09-10 16:57:42,956 - BasePage - INFO - Sleep for 1 seconds.
2020-09-10 16:57:42,979 - BasePage - INFO - Had find the element ' 关联商机 ' successful by xpath via value: //*[@id='app']/div/div[3]/div/div/div[2]/main/div[1]/nav[3] 
2020-09-10 16:57:44,038 - BasePage - INFO - Sleep for 1 seconds.
2020-09-10 16:57:44,067 - BasePage - INFO - Had find the element ' 关联已有客户 ' successful by xpath via value: //*[@id='app']/div/div[3]/div/div/div[2]/main/div[2]/div/div/div/div/div/div/div/div[2] 
2020-09-10 16:57:45,116 - BasePage - INFO - Sleep for 1 seconds.
2020-09-10 16:57:45,141 - BasePage - INFO - Had find the element ' 线索转化 ' successful by xpath via value: //*[@id='app']/div/div[3]/div/div/div[2]/main/div[2]/div/div/div/div/div/div/button 
2020-09-10 16:57:47,221 - BasePage - INFO - Sleep for 2 seconds.
2020-09-10 16:57:47,245 - BasePage - INFO - Had find the element '  ' successful by xpath via value: //*[@id='app']/div/div[3]/div/div/div[2]/main/div[2]/div/div/div/div/div[2]/div/div[2]/div/div/div[1]/div/div/div/input 
2020-09-10 16:57:47,508 - BasePage - INFO - Had type ' qa-1598609519499 '  in input box.
2020-09-10 16:57:48,510 - BasePage - INFO - Sleep for 1 seconds.
2020-09-10 16:57:48,536 - BasePage - INFO - Had find the element ' 确定 ' successful by xpath via value: //*[@id='app']/div/div[3]/div/div/div[2]/main/div[2]/div/div/div/div/div[2]/div/div[2]/div/div/div[1]/div/div/button 
2020-09-10 16:57:49,608 - BasePage - INFO - Sleep for 1 seconds.
2020-09-10 16:57:49,633 - BasePage - INFO - Had find the element '  ' successful by xpath via value: //*[@id='app']/div/div[3]/div/div/div[2]/main/div[2]/div/div/div/div/div[2]/div/div[2]/div/div/div[3]/div/div[3]/table/tbody/tr/td[2]/div/label/span/span 
2020-09-10 16:57:50,698 - BasePage - INFO - Sleep for 1 seconds.
2020-09-10 16:57:50,722 - BasePage - INFO - Had find the element ' 下一步 ' successful by xpath via value: //*[@id='app']/div/div[3]/div/div/div[2]/main/div[2]/div/div/div/div/div[2]/div/div[3]/button 
2020-09-10 16:57:51,821 - BasePage - INFO - Sleep for 1 seconds.
2020-09-10 16:57:51,846 - BasePage - INFO - Had find the element '  ' successful by xpath via value: //*[@id='app']/div/div[3]/div/div/div[2]/main/div[2]/div/div/div/div/div[2]/div/div[2]/div/div[1]/label[2]/span[1] 
2020-09-10 16:57:52,918 - BasePage - INFO - Sleep for 1 seconds.
2020-09-10 16:57:52,943 - BasePage - INFO - Had find the element '  ' successful by xpath via value: //*[@id='app']/div/div[3]/div/div/div[2]/main/div[2]/div/div/div/div/div[2]/div/div[2]/div/div[2]/div/div/div[3]/table/tbody/tr/td[2]/div/label/span/span 
2020-09-10 16:57:53,997 - BasePage - INFO - Sleep for 1 seconds.
2020-09-10 16:57:54,017 - BasePage - INFO - Had find the element ' 下一步 ' successful by xpath via value: //*[@id='app']/div/div[3]/div/div/div[2]/main/div[2]/div/div/div/div/div[2]/div/div[3]/button[2] 
2020-09-10 16:57:55,250 - BasePage - INFO - Sleep for 1 seconds.
2020-09-10 16:57:55,276 - BasePage - INFO - Had find the element '  ' successful by xpath via value: //*[@id='app']/div/div[3]/div/div/div[2]/main/div[2]/div/div/div/div/div[2]/div/div[2]/div/div/div/div/form/div[1]/div[1]/div/div/div/div[1]/input 
2020-09-10 16:57:56,379 - BasePage - INFO - Sleep for 1 seconds.
2020-09-10 16:57:56,393 - BasePage - INFO - Had find the element successful by xpath via value: /html/body/div[2]/div[1]/div[1]/ul/li/span 
2020-09-10 16:57:57,484 - BasePage - INFO - Sleep for 1 seconds.
2020-09-10 16:57:57,509 - BasePage - INFO - Had find the element ' 客户 ' successful by xpath via value: //*[@id='app']/div/div[3]/div/div/div[2]/main/div[2]/div/div/div/div/div[2]/div/div[2]/div/div/div/div/form/div[1]/div[2]/div/label 
2020-09-10 16:57:57,601 - BasePage - INFO - Had find the element '  ' successful by xpath via value: //*[@id='app']/div/div[3]/div/div/div[2]/main/div[2]/div/div/div/div/div[2]/div/div[2]/div/div/div/div/form/div[2]/div[2]/div/div/div/input 
2020-09-10 16:57:57,735 - BasePage - INFO - Had find the element ' 30 ' successful by xpath via value: /html/body/div[3]/div[1]/div/div[2]/table[1]/tbody/tr[6]/td[4]/div/span 
2020-09-10 16:57:58,838 - BasePage - INFO - Sleep for 1 seconds.
2020-09-10 16:57:58,864 - BasePage - INFO - Had find the element '  ' successful by xpath via value: //*[@id='app']/div/div[3]/div/div/div[2]/main/div[2]/div/div/div/div/div[2]/div/div[2]/div/div/div/div/form/div[3]/div[1]/div/div/div/div[1]/input 
2020-09-10 16:58:00,004 - BasePage - INFO - Sleep for 1 seconds.
2020-09-10 16:58:00,032 - BasePage - INFO - Had find the element successful by xpath via value: /html/body/div[4]/div[1]/div[1]/ul/li/span 
2020-09-10 16:58:02,154 - BasePage - INFO - Sleep for 2 seconds.
2020-09-10 16:58:02,180 - BasePage - INFO - Had find the element '  ' successful by xpath via value: //*[@id='app']/div/div[3]/div/div/div[2]/main/div[2]/div/div/div/div/div[2]/div/div[2]/div/div/div/div/form/div[4]/div/div/div/div[1]/input 
2020-09-10 16:58:02,284 - BasePage - INFO - Had type ' 平台订购 '  in input box.
2020-09-10 16:58:12,322 - BasePage - ERROR - NoSuchElementException: Message: no such element: Unable to locate element: {"method":"xpath","selector":"/html/body/div[6]/div[2]/div[1]/ul/li/span"}
  (Session info: chrome=79.0.3945.130)

2020-09-10 16:58:12,865 - BasePage - INFO - Had take screenshot and save to folder : /screenshots
2020-09-10 16:58:12,883 - BasePage - INFO - Had find the element '  ' successful by xpath via value: //*[@id='app']/div/div[3]/div/div/div[2]/main/div[2]/div/div/div/div/div[2]/div/div[2]/div/div/div/div/form/div[5]/div/div/textarea 
2020-09-10 16:58:13,015 - BasePage - INFO - Had type ' 备注 '  in input box.
2020-09-10 16:58:14,015 - BasePage - INFO - Sleep for 1 seconds.
2020-09-10 16:58:14,049 - BasePage - INFO - Had find the element ' + 新增商品 ' successful by xpath via value: //*[@id='app']/div/div[3]/div/div/div[2]/main/div[2]/div/div/div/div/div[2]/div/div[2]/div/div/div/div/div/div/div[1]/button 
2020-09-10 16:58:15,156 - BasePage - INFO - Sleep for 1 seconds.
