2021-03-03 17:17:56,307 - BrowserEngine - INFO - You had select Chrome browser.
2021-03-03 17:17:56,307 - BrowserEngine - INFO - The test server url is: http://luban.jd.hupun.com/static/views/login.html
2021-03-03 17:17:58,441 - BrowserEngine - INFO - Starting Chrome browser.
2021-03-03 17:18:03,688 - BrowserEngine - INFO - Open url: http://luban.jd.hupun.com/static/views/login.html
2021-03-03 17:18:06,868 - BrowserEngine - INFO - Maximize the current window.
2021-03-03 17:18:06,869 - BrowserEngine - INFO - Set implicitly wait 10 seconds.
2021-03-03 17:18:07,932 - BasePage - INFO - Sleep for 1 seconds.
2021-03-03 17:18:07,960 - BasePage - INFO - Had find the element '  ' successful by xpath via value: //*[@id='pane-account']/div/form/div[1]/div/div/div/div/input 
2021-03-03 17:18:08,140 - BasePage - INFO - Had type ' bessie '  in input box.
2021-03-03 17:18:08,161 - BasePage - INFO - Had find the element '  ' successful by xpath via value: //*[@id='pane-account']/div/form/div[2]/div/div/div/div/input 
2021-03-03 17:18:08,278 - BasePage - INFO - Had type ' Zhang12345! '  in input box.
2021-03-03 17:18:08,299 - BasePage - INFO - Had find the element ' 登录 ' successful by xpath via value: //*[@id='pane-account']/div/form/div[4]/div/button 
2021-03-03 17:18:10,361 - BasePage - INFO - Sleep for 2 seconds.
2021-03-03 17:18:12,916 - BasePage - INFO - Had take screenshot and save to folder : /screenshots
2021-03-03 17:18:12,937 - BasePage - INFO - Had find the element ' 客户管理 ' successful by xpath via value: //*[@id='menuBar']/li[1] 
2021-03-03 17:18:13,992 - BasePage - INFO - Sleep for 1 seconds.
2021-03-03 17:18:14,016 - BasePage - INFO - Had find the element ' 客户列表 ' successful by xpath via value: //*[@id='menuBar']/li[1]/ul/li[1] 
2021-03-03 17:18:16,071 - BasePage - INFO - Sleep for 2 seconds.
2021-03-03 17:18:16,115 - BasePage - INFO - Had switch to the iframe.
2021-03-03 17:18:18,118 - BasePage - INFO - Sleep for 2 seconds.
2021-03-03 17:18:22,627 - BasePage - INFO - Sleep for 1 seconds.
